INFO 2019-03-24 04:19:28,748 - Logger Initiated
INFO 2019-03-24 04:19:28,748 - Genotype Extraction from VCF file time consumed : 125.02570509910583 seconds
INFO 2019-03-24 04:19:28,748 - Genotype data lines skipped : 20
INFO 2019-03-24 04:19:28,748 - Importing all the necessary Packages
INFO 2019-03-24 04:19:28,748 - Packages Imported with Specified Versions
INFO 2019-03-24 04:19:28,748 - Pandas - 0.23.4 
INFO 2019-03-24 04:19:28,748 - Scikit-Allel - 1.2.0 
INFO 2019-03-24 04:19:28,748 - Seaborn - 0.9.0 
INFO 2019-03-24 04:19:28,748 - Matplotlib - 3.0.0 
INFO 2019-03-24 04:19:28,748 - Scikit-Learn - 0.20.0 
INFO 2019-03-24 04:19:28,748 - UMAP - 0.3.7 
INFO 2019-03-24 04:19:28,748 - Numpy - 1.15.2 
INFO 2019-03-24 04:19:28,748 - Python - 3.6.6  
INFO 2019-03-24 04:19:28,748 - IMPORT COMPLETED
INFO 2019-03-24 04:19:28,748 - Extraction Completed with data size 43432 rows
INFO 2019-03-24 04:19:28,748 - Scaling Data using Standard Scaler
INFO 2019-03-24 04:19:32,706 - Data Scaled, Dimensionality Reduction using Principal Component Analysis
INFO 2019-03-24 04:19:44,211 - Reduced Dimension with PCA and random state 0 and n_components : 25
INFO 2019-03-24 04:19:44,212 - Initilaizing UMAP with neighbors :15, distance :0.5 and Euclidean metric
INFO 2019-03-24 04:19:54,483 - Pre-Processing and Connecting Data from Poulations and Panel files for Plots
INFO 2019-03-24 04:20:00,614 - Data Processed, Initiating Plot
INFO 2019-03-24 04:20:01,184 - Plot file saved as : Image_25_15_0.5.pdf
INFO 2019-03-24 04:20:01,184 -  TOTAL RUN TIME of Code : 157.46239638328552 seconds
