INFO 2019-03-24 04:10:27,959 - Logger Initiated
INFO 2019-03-24 04:10:27,959 - Genotype Extraction from VCF file time consumed : 125.02570509910583 seconds
INFO 2019-03-24 04:10:27,959 - Genotype data lines skipped : 20
INFO 2019-03-24 04:10:27,959 - Importing all the necessary Packages
INFO 2019-03-24 04:10:27,959 - Packages Imported with Specified Versions
INFO 2019-03-24 04:10:27,959 - Pandas - 0.23.4 
INFO 2019-03-24 04:10:27,959 - Scikit-Allel - 1.2.0 
INFO 2019-03-24 04:10:27,959 - Seaborn - 0.9.0 
INFO 2019-03-24 04:10:27,959 - Matplotlib - 3.0.0 
INFO 2019-03-24 04:10:27,959 - Scikit-Learn - 0.20.0 
INFO 2019-03-24 04:10:27,959 - UMAP - 0.3.7 
INFO 2019-03-24 04:10:27,959 - Numpy - 1.15.2 
INFO 2019-03-24 04:10:27,959 - Python - 3.6.6  
INFO 2019-03-24 04:10:27,960 - IMPORT COMPLETED
INFO 2019-03-24 04:10:27,960 - Extraction Completed with data size 43432 rows
INFO 2019-03-24 04:10:27,960 - Scaling Data using Standard Scaler
INFO 2019-03-24 04:10:31,834 - Data Scaled, Dimensionality Reduction using Principal Component Analysis
INFO 2019-03-24 04:10:39,972 - Reduced Dimension with PCA and random state 0 and n_components : 5
INFO 2019-03-24 04:10:39,972 - Initilaizing UMAP with neighbors :15, distance :0.5 and Euclidean metric
INFO 2019-03-24 04:10:49,206 - Pre-Processing and Connecting Data from Poulations and Panel files for Plots
INFO 2019-03-24 04:10:54,553 - Data Processed, Initiating Plot
INFO 2019-03-24 04:10:55,123 - Plot file saved as : Image_5_15_0.5.pdf
INFO 2019-03-24 04:10:55,123 -  TOTAL RUN TIME of Code : 152.18972730636597 seconds
