INFO 2019-03-24 04:15:51,410 - Logger Initiated
INFO 2019-03-24 04:15:51,410 - Genotype Extraction from VCF file time consumed : 125.02570509910583 seconds
INFO 2019-03-24 04:15:51,410 - Genotype data lines skipped : 20
INFO 2019-03-24 04:15:51,410 - Importing all the necessary Packages
INFO 2019-03-24 04:15:51,410 - Packages Imported with Specified Versions
INFO 2019-03-24 04:15:51,410 - Pandas - 0.23.4 
INFO 2019-03-24 04:15:51,410 - Scikit-Allel - 1.2.0 
INFO 2019-03-24 04:15:51,410 - Seaborn - 0.9.0 
INFO 2019-03-24 04:15:51,410 - Matplotlib - 3.0.0 
INFO 2019-03-24 04:15:51,410 - Scikit-Learn - 0.20.0 
INFO 2019-03-24 04:15:51,410 - UMAP - 0.3.7 
INFO 2019-03-24 04:15:51,410 - Numpy - 1.15.2 
INFO 2019-03-24 04:15:51,410 - Python - 3.6.6  
INFO 2019-03-24 04:15:51,410 - IMPORT COMPLETED
INFO 2019-03-24 04:15:51,411 - Extraction Completed with data size 43432 rows
INFO 2019-03-24 04:15:51,411 - Scaling Data using Standard Scaler
INFO 2019-03-24 04:15:55,205 - Data Scaled, Dimensionality Reduction using Principal Component Analysis
INFO 2019-03-24 04:16:08,097 - Reduced Dimension with PCA and random state 0 and n_components : 25
INFO 2019-03-24 04:16:08,097 - Initilaizing UMAP with neighbors :5, distance :0.25 and Euclidean metric
INFO 2019-03-24 04:16:14,955 - Pre-Processing and Connecting Data from Poulations and Panel files for Plots
INFO 2019-03-24 04:16:21,001 - Data Processed, Initiating Plot
INFO 2019-03-24 04:16:21,816 - Plot file saved as : Image_25_5_0.25.pdf
INFO 2019-03-24 04:16:21,817 -  TOTAL RUN TIME of Code : 155.432297706604 seconds
