INFO 2019-03-24 04:13:19,570 - Logger Initiated
INFO 2019-03-24 04:13:19,570 - Genotype Extraction from VCF file time consumed : 125.02570509910583 seconds
INFO 2019-03-24 04:13:19,570 - Genotype data lines skipped : 20
INFO 2019-03-24 04:13:19,570 - Importing all the necessary Packages
INFO 2019-03-24 04:13:19,570 - Packages Imported with Specified Versions
INFO 2019-03-24 04:13:19,570 - Pandas - 0.23.4 
INFO 2019-03-24 04:13:19,570 - Scikit-Allel - 1.2.0 
INFO 2019-03-24 04:13:19,570 - Seaborn - 0.9.0 
INFO 2019-03-24 04:13:19,570 - Matplotlib - 3.0.0 
INFO 2019-03-24 04:13:19,570 - Scikit-Learn - 0.20.0 
INFO 2019-03-24 04:13:19,570 - UMAP - 0.3.7 
INFO 2019-03-24 04:13:19,571 - Numpy - 1.15.2 
INFO 2019-03-24 04:13:19,571 - Python - 3.6.6  
INFO 2019-03-24 04:13:19,571 - IMPORT COMPLETED
INFO 2019-03-24 04:13:19,571 - Extraction Completed with data size 43432 rows
INFO 2019-03-24 04:13:19,571 - Scaling Data using Standard Scaler
INFO 2019-03-24 04:13:23,440 - Data Scaled, Dimensionality Reduction using Principal Component Analysis
INFO 2019-03-24 04:13:34,662 - Reduced Dimension with PCA and random state 0 and n_components : 15
INFO 2019-03-24 04:13:34,663 - Initilaizing UMAP with neighbors :10, distance :0.5 and Euclidean metric
INFO 2019-03-24 04:13:43,093 - Pre-Processing and Connecting Data from Poulations and Panel files for Plots
INFO 2019-03-24 04:13:48,706 - Data Processed, Initiating Plot
INFO 2019-03-24 04:13:49,368 - Plot file saved as : Image_15_10_0.5.pdf
INFO 2019-03-24 04:13:49,368 -  TOTAL RUN TIME of Code : 154.82375288009644 seconds
