INFO 2019-03-24 04:11:50,801 - Logger Initiated
INFO 2019-03-24 04:11:50,801 - Genotype Extraction from VCF file time consumed : 125.02570509910583 seconds
INFO 2019-03-24 04:11:50,801 - Genotype data lines skipped : 20
INFO 2019-03-24 04:11:50,801 - Importing all the necessary Packages
INFO 2019-03-24 04:11:50,801 - Packages Imported with Specified Versions
INFO 2019-03-24 04:11:50,801 - Pandas - 0.23.4 
INFO 2019-03-24 04:11:50,801 - Scikit-Allel - 1.2.0 
INFO 2019-03-24 04:11:50,801 - Seaborn - 0.9.0 
INFO 2019-03-24 04:11:50,801 - Matplotlib - 3.0.0 
INFO 2019-03-24 04:11:50,801 - Scikit-Learn - 0.20.0 
INFO 2019-03-24 04:11:50,801 - UMAP - 0.3.7 
INFO 2019-03-24 04:11:50,801 - Numpy - 1.15.2 
INFO 2019-03-24 04:11:50,801 - Python - 3.6.6  
INFO 2019-03-24 04:11:50,801 - IMPORT COMPLETED
INFO 2019-03-24 04:11:50,801 - Extraction Completed with data size 43432 rows
INFO 2019-03-24 04:11:50,801 - Scaling Data using Standard Scaler
INFO 2019-03-24 04:11:54,616 - Data Scaled, Dimensionality Reduction using Principal Component Analysis
INFO 2019-03-24 04:12:06,101 - Reduced Dimension with PCA and random state 0 and n_components : 15
INFO 2019-03-24 04:12:06,101 - Initilaizing UMAP with neighbors :5, distance :0.5 and Euclidean metric
INFO 2019-03-24 04:12:12,493 - Pre-Processing and Connecting Data from Poulations and Panel files for Plots
INFO 2019-03-24 04:12:18,363 - Data Processed, Initiating Plot
INFO 2019-03-24 04:12:18,905 - Plot file saved as : Image_15_5_0.5.pdf
INFO 2019-03-24 04:12:18,905 -  TOTAL RUN TIME of Code : 153.13039374351501 seconds
