INFO 2019-03-24 04:14:20,783 - Logger Initiated
INFO 2019-03-24 04:14:20,783 - Genotype Extraction from VCF file time consumed : 125.02570509910583 seconds
INFO 2019-03-24 04:14:20,783 - Genotype data lines skipped : 20
INFO 2019-03-24 04:14:20,783 - Importing all the necessary Packages
INFO 2019-03-24 04:14:20,783 - Packages Imported with Specified Versions
INFO 2019-03-24 04:14:20,783 - Pandas - 0.23.4 
INFO 2019-03-24 04:14:20,783 - Scikit-Allel - 1.2.0 
INFO 2019-03-24 04:14:20,783 - Seaborn - 0.9.0 
INFO 2019-03-24 04:14:20,783 - Matplotlib - 3.0.0 
INFO 2019-03-24 04:14:20,783 - Scikit-Learn - 0.20.0 
INFO 2019-03-24 04:14:20,783 - UMAP - 0.3.7 
INFO 2019-03-24 04:14:20,783 - Numpy - 1.15.2 
INFO 2019-03-24 04:14:20,783 - Python - 3.6.6  
INFO 2019-03-24 04:14:20,783 - IMPORT COMPLETED
INFO 2019-03-24 04:14:20,784 - Extraction Completed with data size 43432 rows
INFO 2019-03-24 04:14:20,784 - Scaling Data using Standard Scaler
INFO 2019-03-24 04:14:24,698 - Data Scaled, Dimensionality Reduction using Principal Component Analysis
INFO 2019-03-24 04:14:35,655 - Reduced Dimension with PCA and random state 0 and n_components : 15
INFO 2019-03-24 04:14:35,655 - Initilaizing UMAP with neighbors :15, distance :0.25 and Euclidean metric
INFO 2019-03-24 04:14:45,357 - Pre-Processing and Connecting Data from Poulations and Panel files for Plots
INFO 2019-03-24 04:14:51,193 - Data Processed, Initiating Plot
INFO 2019-03-24 04:14:51,888 - Plot file saved as : Image_15_15_0.25.pdf
INFO 2019-03-24 04:14:51,888 -  TOTAL RUN TIME of Code : 156.13085293769836 seconds
