INFO 2019-03-24 04:17:52,118 - Logger Initiated
INFO 2019-03-24 04:17:52,118 - Genotype Extraction from VCF file time consumed : 125.02570509910583 seconds
INFO 2019-03-24 04:17:52,118 - Genotype data lines skipped : 20
INFO 2019-03-24 04:17:52,119 - Importing all the necessary Packages
INFO 2019-03-24 04:17:52,119 - Packages Imported with Specified Versions
INFO 2019-03-24 04:17:52,119 - Pandas - 0.23.4 
INFO 2019-03-24 04:17:52,119 - Scikit-Allel - 1.2.0 
INFO 2019-03-24 04:17:52,119 - Seaborn - 0.9.0 
INFO 2019-03-24 04:17:52,119 - Matplotlib - 3.0.0 
INFO 2019-03-24 04:17:52,119 - Scikit-Learn - 0.20.0 
INFO 2019-03-24 04:17:52,119 - UMAP - 0.3.7 
INFO 2019-03-24 04:17:52,119 - Numpy - 1.15.2 
INFO 2019-03-24 04:17:52,119 - Python - 3.6.6  
INFO 2019-03-24 04:17:52,119 - IMPORT COMPLETED
INFO 2019-03-24 04:17:52,119 - Extraction Completed with data size 43432 rows
INFO 2019-03-24 04:17:52,119 - Scaling Data using Standard Scaler
INFO 2019-03-24 04:17:55,898 - Data Scaled, Dimensionality Reduction using Principal Component Analysis
INFO 2019-03-24 04:18:07,823 - Reduced Dimension with PCA and random state 0 and n_components : 25
INFO 2019-03-24 04:18:07,824 - Initilaizing UMAP with neighbors :10, distance :0.5 and Euclidean metric
INFO 2019-03-24 04:18:15,904 - Pre-Processing and Connecting Data from Poulations and Panel files for Plots
INFO 2019-03-24 04:18:21,614 - Data Processed, Initiating Plot
INFO 2019-03-24 04:18:22,305 - Plot file saved as : Image_25_10_0.5.pdf
INFO 2019-03-24 04:18:22,305 -  TOTAL RUN TIME of Code : 155.21235918998718 seconds
