INFO 2019-03-24 04:07:24,085 - Logger Initiated
INFO 2019-03-24 04:07:24,085 - Genotype Extraction from VCF file time consumed : 125.02570509910583 seconds
INFO 2019-03-24 04:07:24,085 - Genotype data lines skipped : 20
INFO 2019-03-24 04:07:24,085 - Importing all the necessary Packages
INFO 2019-03-24 04:07:24,085 - Packages Imported with Specified Versions
INFO 2019-03-24 04:07:24,085 - Pandas - 0.23.4 
INFO 2019-03-24 04:07:24,085 - Scikit-Allel - 1.2.0 
INFO 2019-03-24 04:07:24,085 - Seaborn - 0.9.0 
INFO 2019-03-24 04:07:24,085 - Matplotlib - 3.0.0 
INFO 2019-03-24 04:07:24,085 - Scikit-Learn - 0.20.0 
INFO 2019-03-24 04:07:24,085 - UMAP - 0.3.7 
INFO 2019-03-24 04:07:24,085 - Numpy - 1.15.2 
INFO 2019-03-24 04:07:24,085 - Python - 3.6.6  
INFO 2019-03-24 04:07:24,085 - IMPORT COMPLETED
INFO 2019-03-24 04:07:24,085 - Extraction Completed with data size 43432 rows
INFO 2019-03-24 04:07:24,085 - Scaling Data using Standard Scaler
INFO 2019-03-24 04:07:27,924 - Data Scaled, Dimensionality Reduction using Principal Component Analysis
INFO 2019-03-24 04:07:36,604 - Reduced Dimension with PCA and random state 0 and n_components : 5
INFO 2019-03-24 04:07:36,604 - Initilaizing UMAP with neighbors :5, distance :0.25 and Euclidean metric
INFO 2019-03-24 04:07:42,414 - Pre-Processing and Connecting Data from Poulations and Panel files for Plots
INFO 2019-03-24 04:07:47,786 - Data Processed, Initiating Plot
INFO 2019-03-24 04:07:48,490 - Plot file saved as : Image_5_5_0.25.pdf
INFO 2019-03-24 04:07:48,490 -  TOTAL RUN TIME of Code : 149.4306881427765 seconds
