INFO 2019-03-24 04:14:51,888 - Logger Initiated
INFO 2019-03-24 04:14:51,888 - Genotype Extraction from VCF file time consumed : 125.02570509910583 seconds
INFO 2019-03-24 04:14:51,888 - Genotype data lines skipped : 20
INFO 2019-03-24 04:14:51,888 - Importing all the necessary Packages
INFO 2019-03-24 04:14:51,888 - Packages Imported with Specified Versions
INFO 2019-03-24 04:14:51,888 - Pandas - 0.23.4 
INFO 2019-03-24 04:14:51,888 - Scikit-Allel - 1.2.0 
INFO 2019-03-24 04:14:51,888 - Seaborn - 0.9.0 
INFO 2019-03-24 04:14:51,888 - Matplotlib - 3.0.0 
INFO 2019-03-24 04:14:51,888 - Scikit-Learn - 0.20.0 
INFO 2019-03-24 04:14:51,889 - UMAP - 0.3.7 
INFO 2019-03-24 04:14:51,889 - Numpy - 1.15.2 
INFO 2019-03-24 04:14:51,889 - Python - 3.6.6  
INFO 2019-03-24 04:14:51,889 - IMPORT COMPLETED
INFO 2019-03-24 04:14:51,889 - Extraction Completed with data size 43432 rows
INFO 2019-03-24 04:14:51,889 - Scaling Data using Standard Scaler
INFO 2019-03-24 04:14:55,670 - Data Scaled, Dimensionality Reduction using Principal Component Analysis
INFO 2019-03-24 04:15:07,041 - Reduced Dimension with PCA and random state 0 and n_components : 15
INFO 2019-03-24 04:15:07,041 - Initilaizing UMAP with neighbors :15, distance :0.5 and Euclidean metric
INFO 2019-03-24 04:15:16,626 - Pre-Processing and Connecting Data from Poulations and Panel files for Plots
INFO 2019-03-24 04:15:22,347 - Data Processed, Initiating Plot
INFO 2019-03-24 04:15:23,085 - Plot file saved as : Image_15_15_0.5.pdf
INFO 2019-03-24 04:15:23,085 -  TOTAL RUN TIME of Code : 156.22268319129944 seconds
