INFO 2019-03-24 04:08:12,530 - Logger Initiated
INFO 2019-03-24 04:08:12,530 - Genotype Extraction from VCF file time consumed : 125.02570509910583 seconds
INFO 2019-03-24 04:08:12,530 - Genotype data lines skipped : 20
INFO 2019-03-24 04:08:12,530 - Importing all the necessary Packages
INFO 2019-03-24 04:08:12,530 - Packages Imported with Specified Versions
INFO 2019-03-24 04:08:12,530 - Pandas - 0.23.4 
INFO 2019-03-24 04:08:12,530 - Scikit-Allel - 1.2.0 
INFO 2019-03-24 04:08:12,530 - Seaborn - 0.9.0 
INFO 2019-03-24 04:08:12,530 - Matplotlib - 3.0.0 
INFO 2019-03-24 04:08:12,530 - Scikit-Learn - 0.20.0 
INFO 2019-03-24 04:08:12,530 - UMAP - 0.3.7 
INFO 2019-03-24 04:08:12,530 - Numpy - 1.15.2 
INFO 2019-03-24 04:08:12,531 - Python - 3.6.6  
INFO 2019-03-24 04:08:12,531 - IMPORT COMPLETED
INFO 2019-03-24 04:08:12,531 - Extraction Completed with data size 43432 rows
INFO 2019-03-24 04:08:12,531 - Scaling Data using Standard Scaler
INFO 2019-03-24 04:08:16,373 - Data Scaled, Dimensionality Reduction using Principal Component Analysis
INFO 2019-03-24 04:08:24,977 - Reduced Dimension with PCA and random state 0 and n_components : 5
INFO 2019-03-24 04:08:24,977 - Initilaizing UMAP with neighbors :10, distance :0.1 and Euclidean metric
INFO 2019-03-24 04:08:32,909 - Pre-Processing and Connecting Data from Poulations and Panel files for Plots
INFO 2019-03-24 04:08:38,703 - Data Processed, Initiating Plot
INFO 2019-03-24 04:08:39,369 - Plot file saved as : Image_5_10_0.1.pdf
INFO 2019-03-24 04:08:39,369 -  TOTAL RUN TIME of Code : 151.86515974998474 seconds
