INFO 2019-03-24 04:12:18,905 - Logger Initiated
INFO 2019-03-24 04:12:18,906 - Genotype Extraction from VCF file time consumed : 125.02570509910583 seconds
INFO 2019-03-24 04:12:18,906 - Genotype data lines skipped : 20
INFO 2019-03-24 04:12:18,906 - Importing all the necessary Packages
INFO 2019-03-24 04:12:18,906 - Packages Imported with Specified Versions
INFO 2019-03-24 04:12:18,906 - Pandas - 0.23.4 
INFO 2019-03-24 04:12:18,906 - Scikit-Allel - 1.2.0 
INFO 2019-03-24 04:12:18,906 - Seaborn - 0.9.0 
INFO 2019-03-24 04:12:18,906 - Matplotlib - 3.0.0 
INFO 2019-03-24 04:12:18,906 - Scikit-Learn - 0.20.0 
INFO 2019-03-24 04:12:18,906 - UMAP - 0.3.7 
INFO 2019-03-24 04:12:18,906 - Numpy - 1.15.2 
INFO 2019-03-24 04:12:18,906 - Python - 3.6.6  
INFO 2019-03-24 04:12:18,906 - IMPORT COMPLETED
INFO 2019-03-24 04:12:18,906 - Extraction Completed with data size 43432 rows
INFO 2019-03-24 04:12:18,906 - Scaling Data using Standard Scaler
INFO 2019-03-24 04:12:22,796 - Data Scaled, Dimensionality Reduction using Principal Component Analysis
INFO 2019-03-24 04:12:33,851 - Reduced Dimension with PCA and random state 0 and n_components : 15
INFO 2019-03-24 04:12:33,851 - Initilaizing UMAP with neighbors :10, distance :0.1 and Euclidean metric
INFO 2019-03-24 04:12:42,271 - Pre-Processing and Connecting Data from Poulations and Panel files for Plots
INFO 2019-03-24 04:12:48,117 - Data Processed, Initiating Plot
INFO 2019-03-24 04:12:48,787 - Plot file saved as : Image_15_10_0.1.pdf
INFO 2019-03-24 04:12:48,787 -  TOTAL RUN TIME of Code : 154.90717458724976 seconds
