INFO 2019-03-24 04:09:05,452 - Logger Initiated
INFO 2019-03-24 04:09:05,452 - Genotype Extraction from VCF file time consumed : 125.02570509910583 seconds
INFO 2019-03-24 04:09:05,452 - Genotype data lines skipped : 20
INFO 2019-03-24 04:09:05,452 - Importing all the necessary Packages
INFO 2019-03-24 04:09:05,452 - Packages Imported with Specified Versions
INFO 2019-03-24 04:09:05,452 - Pandas - 0.23.4 
INFO 2019-03-24 04:09:05,452 - Scikit-Allel - 1.2.0 
INFO 2019-03-24 04:09:05,452 - Seaborn - 0.9.0 
INFO 2019-03-24 04:09:05,452 - Matplotlib - 3.0.0 
INFO 2019-03-24 04:09:05,452 - Scikit-Learn - 0.20.0 
INFO 2019-03-24 04:09:05,452 - UMAP - 0.3.7 
INFO 2019-03-24 04:09:05,452 - Numpy - 1.15.2 
INFO 2019-03-24 04:09:05,452 - Python - 3.6.6  
INFO 2019-03-24 04:09:05,452 - IMPORT COMPLETED
INFO 2019-03-24 04:09:05,452 - Extraction Completed with data size 43432 rows
INFO 2019-03-24 04:09:05,452 - Scaling Data using Standard Scaler
INFO 2019-03-24 04:09:09,291 - Data Scaled, Dimensionality Reduction using Principal Component Analysis
INFO 2019-03-24 04:09:17,855 - Reduced Dimension with PCA and random state 0 and n_components : 5
INFO 2019-03-24 04:09:17,855 - Initilaizing UMAP with neighbors :10, distance :0.5 and Euclidean metric
INFO 2019-03-24 04:09:25,829 - Pre-Processing and Connecting Data from Poulations and Panel files for Plots
INFO 2019-03-24 04:09:31,163 - Data Processed, Initiating Plot
INFO 2019-03-24 04:09:31,825 - Plot file saved as : Image_5_10_0.5.pdf
INFO 2019-03-24 04:09:31,825 -  TOTAL RUN TIME of Code : 151.3996090888977 seconds
