INFO 2019-03-24 04:12:48,787 - Logger Initiated
INFO 2019-03-24 04:12:48,787 - Genotype Extraction from VCF file time consumed : 125.02570509910583 seconds
INFO 2019-03-24 04:12:48,787 - Genotype data lines skipped : 20
INFO 2019-03-24 04:12:48,787 - Importing all the necessary Packages
INFO 2019-03-24 04:12:48,787 - Packages Imported with Specified Versions
INFO 2019-03-24 04:12:48,787 - Pandas - 0.23.4 
INFO 2019-03-24 04:12:48,787 - Scikit-Allel - 1.2.0 
INFO 2019-03-24 04:12:48,787 - Seaborn - 0.9.0 
INFO 2019-03-24 04:12:48,787 - Matplotlib - 3.0.0 
INFO 2019-03-24 04:12:48,787 - Scikit-Learn - 0.20.0 
INFO 2019-03-24 04:12:48,787 - UMAP - 0.3.7 
INFO 2019-03-24 04:12:48,787 - Numpy - 1.15.2 
INFO 2019-03-24 04:12:48,787 - Python - 3.6.6  
INFO 2019-03-24 04:12:48,788 - IMPORT COMPLETED
INFO 2019-03-24 04:12:48,788 - Extraction Completed with data size 43432 rows
INFO 2019-03-24 04:12:48,788 - Scaling Data using Standard Scaler
INFO 2019-03-24 04:12:52,716 - Data Scaled, Dimensionality Reduction using Principal Component Analysis
INFO 2019-03-24 04:13:04,393 - Reduced Dimension with PCA and random state 0 and n_components : 15
INFO 2019-03-24 04:13:04,393 - Initilaizing UMAP with neighbors :10, distance :0.25 and Euclidean metric
INFO 2019-03-24 04:13:13,114 - Pre-Processing and Connecting Data from Poulations and Panel files for Plots
INFO 2019-03-24 04:13:18,919 - Data Processed, Initiating Plot
INFO 2019-03-24 04:13:19,569 - Plot file saved as : Image_15_10_0.25.pdf
INFO 2019-03-24 04:13:19,570 -  TOTAL RUN TIME of Code : 155.8084201812744 seconds
